This file contains any messages produced by compilers while
running configure, to aid debugging if configure makes a mistake.

It was created by configure, which was
generated by GNU Autoconf 2.71.  Invocation command line was

  $ ./configure --disable-option-checking --prefix=/usr/local 'docdir=${datarootdir}/doc/${PACKAGE}' --cache-file=/dev/null --srcdir=.

## --------- ##
## Platform. ##
## --------- ##

hostname = wasimul-HP
uname -m = x86_64
uname -r = 6.5.0-18-generic
uname -s = Linux
uname -v = #18~22.04.1-Ubuntu SMP PREEMPT_DYNAMIC Wed Feb  7 11:40:03 UTC 2

/usr/bin/uname -p = x86_64
/bin/uname -X     = unknown

/bin/arch              = x86_64
/usr/bin/arch -k       = unknown
/usr/convex/getsysinfo = unknown
/usr/bin/hostinfo      = unknown
/bin/machine           = unknown
/usr/bin/oslevel       = unknown
/bin/universe          = unknown

PATH: /usr/sdcc-master/bin/
PATH: /home/wasimul/Documents/riscv-vp/vp/build/bin/
PATH: /opt/riscv-gnu-toolchain-dist-rv32imac-ilp32/bin/
PATH: /opt/riscv/bin/
PATH: /usr/sdcc-master/bin/
PATH: /home/wasimul/Documents/riscv-vp/vp/build/bin/
PATH: /opt/riscv-gnu-toolchain-dist-rv32imac-ilp32/bin/
PATH: /opt/riscv/bin/
PATH: /usr/local/sbin/
PATH: /usr/local/bin/
PATH: /usr/sbin/
PATH: /usr/bin/
PATH: /sbin/
PATH: /bin/
PATH: /usr/games/
PATH: /usr/local/games/
PATH: /snap/bin/
PATH: /snap/bin/


## ----------- ##
## Core tests. ##
## ----------- ##

configure:2997: looking for aux files: install-sh
configure:3010:  trying ./
configure:3021:   ./install-sh found
configure:3158: checking for gawk
configure:3179: found /usr/bin/gawk
configure:3190: result: gawk
configure:3202: checking version of the package
configure:3206: result: 0.7.12
configure:3654: checking for g++
configure:3675: found /usr/bin/g++
configure:3686: result: g++
configure:3713: checking for C++ compiler version
configure:3722: g++ --version >&5
g++ (Ubuntu 11.4.0-1ubuntu1~22.04) 11.4.0
Copyright (C) 2021 Free Software Foundation, Inc.
This is free software; see the source for copying conditions.  There is NO
warranty; not even for MERCHANTABILITY or FITNESS FOR A PARTICULAR PURPOSE.

configure:3733: $? = 0
configure:3722: g++ -v >&5
Using built-in specs.
COLLECT_GCC=g++
COLLECT_LTO_WRAPPER=/usr/lib/gcc/x86_64-linux-gnu/11/lto-wrapper
OFFLOAD_TARGET_NAMES=nvptx-none:amdgcn-amdhsa
OFFLOAD_TARGET_DEFAULT=1
Target: x86_64-linux-gnu
Configured with: ../src/configure -v --with-pkgversion='Ubuntu 11.4.0-1ubuntu1~22.04' --with-bugurl=file:///usr/share/doc/gcc-11/README.Bugs --enable-languages=c,ada,c++,go,brig,d,fortran,objc,obj-c++,m2 --prefix=/usr --with-gcc-major-version-only --program-suffix=-11 --program-prefix=x86_64-linux-gnu- --enable-shared --enable-linker-build-id --libexecdir=/usr/lib --without-included-gettext --enable-threads=posix --libdir=/usr/lib --enable-nls --enable-bootstrap --enable-clocale=gnu --enable-libstdcxx-debug --enable-libstdcxx-time=yes --with-default-libstdcxx-abi=new --enable-gnu-unique-object --disable-vtable-verify --enable-plugin --enable-default-pie --with-system-zlib --enable-libphobos-checking=release --with-target-system-zlib=auto --enable-objc-gc=auto --enable-multiarch --disable-werror --enable-cet --with-arch-32=i686 --with-abi=m64 --with-multilib-list=m32,m64,mx32 --enable-multilib --with-tune=generic --enable-offload-targets=nvptx-none=/build/gcc-11-XeT9lY/gcc-11-11.4.0/debian/tmp-nvptx/usr,amdgcn-amdhsa=/build/gcc-11-XeT9lY/gcc-11-11.4.0/debian/tmp-gcn/usr --without-cuda-driver --enable-checking=release --build=x86_64-linux-gnu --host=x86_64-linux-gnu --target=x86_64-linux-gnu --with-build-config=bootstrap-lto-lean --enable-link-serialization=2
Thread model: posix
Supported LTO compression algorithms: zlib zstd
gcc version 11.4.0 (Ubuntu 11.4.0-1ubuntu1~22.04) 
... rest of stderr output deleted ...
configure:3733: $? = 0
configure:3722: g++ -V >&5
g++: error: unrecognized command-line option '-V'
g++: fatal error: no input files
compilation terminated.
configure:3733: $? = 1
configure:3722: g++ -qversion >&5
g++: error: unrecognized command-line option '-qversion'; did you mean '--version'?
g++: fatal error: no input files
compilation terminated.
configure:3733: $? = 1
configure:3753: checking whether the C++ compiler works
configure:3775: g++    conftest.cpp  >&5
configure:3779: $? = 0
configure:3829: result: yes
configure:3832: checking for C++ compiler default output file name
configure:3834: result: a.out
configure:3840: checking for suffix of executables
configure:3847: g++ -o conftest    conftest.cpp  >&5
configure:3851: $? = 0
configure:3874: result: 
configure:3896: checking whether we are cross compiling
configure:3904: g++ -o conftest    conftest.cpp  >&5
configure:3908: $? = 0
configure:3915: ./conftest
configure:3919: $? = 0
configure:3934: result: no
configure:3939: checking for suffix of object files
configure:3962: g++ -c   conftest.cpp >&5
configure:3966: $? = 0
configure:3988: result: o
configure:3992: checking whether the compiler supports GNU C++
configure:4012: g++ -c   conftest.cpp >&5
configure:4012: $? = 0
configure:4022: result: yes
configure:4033: checking whether g++ accepts -g
configure:4054: g++ -c -g  conftest.cpp >&5
configure:4054: $? = 0
configure:4098: result: yes
configure:4118: checking for g++ option to enable C++11 features
configure:4133: g++  -c -g -O2  conftest.cpp >&5
conftest.cpp: In function 'int main(int, char**)':
conftest.cpp:180:25: warning: empty parentheses were disambiguated as a function declaration [-Wvexing-parse]
  180 |   cxx11test::delegate d2();
      |                         ^~
conftest.cpp:180:25: note: remove parentheses to default-initialize a variable
  180 |   cxx11test::delegate d2();
      |                         ^~
      |                         --
conftest.cpp:180:25: note: or replace parentheses with braces to value-initialize a variable
configure:4133: $? = 0
configure:4151: result: none needed
configure:4220: checking how to run the C++ preprocessor
configure:4242: g++ -E  conftest.cpp
configure:4242: $? = 0
configure:4257: g++ -E  conftest.cpp
conftest.cpp:14:10: fatal error: ac_nonexistent.h: No such file or directory
   14 | #include <ac_nonexistent.h>
      |          ^~~~~~~~~~~~~~~~~~
compilation terminated.
configure:4257: $? = 1
configure: failed program was:
| /* confdefs.h */
| #define PACKAGE_NAME ""
| #define PACKAGE_TARNAME ""
| #define PACKAGE_VERSION ""
| #define PACKAGE_STRING ""
| #define PACKAGE_BUGREPORT ""
| #define PACKAGE_URL ""
| #define VERSIONSTR "0.7.12"
| #define VERSIONHI 0
| #define VERSIONLO 7
| #define VERSIONP 12
| #define STATISTIC no
| /* end confdefs.h.  */
| #include <ac_nonexistent.h>
configure:4284: result: g++ -E
configure:4298: g++ -E  conftest.cpp
configure:4298: $? = 0
configure:4313: g++ -E  conftest.cpp
conftest.cpp:14:10: fatal error: ac_nonexistent.h: No such file or directory
   14 | #include <ac_nonexistent.h>
      |          ^~~~~~~~~~~~~~~~~~
compilation terminated.
configure:4313: $? = 1
configure: failed program was:
| /* confdefs.h */
| #define PACKAGE_NAME ""
| #define PACKAGE_TARNAME ""
| #define PACKAGE_VERSION ""
| #define PACKAGE_STRING ""
| #define PACKAGE_BUGREPORT ""
| #define PACKAGE_URL ""
| #define VERSIONSTR "0.7.12"
| #define VERSIONHI 0
| #define VERSIONLO 7
| #define VERSIONP 12
| #define STATISTIC no
| /* end confdefs.h.  */
| #include <ac_nonexistent.h>
configure:4359: checking for a BSD-compatible install
configure:4432: result: /usr/bin/install -c
configure:4491: checking for ranlib
configure:4512: found /usr/bin/ranlib
configure:4523: result: ranlib
configure:4594: checking for strip
configure:4615: found /usr/bin/strip
configure:4626: result: strip
configure:4696: checking for ar
configure:4717: found /usr/bin/ar
configure:4728: result: ar
configure:4815: checking for gcc
configure:4836: found /usr/bin/gcc
configure:4847: result: gcc
configure:5200: checking for C compiler version
configure:5209: gcc --version >&5
gcc (Ubuntu 11.4.0-1ubuntu1~22.04) 11.4.0
Copyright (C) 2021 Free Software Foundation, Inc.
This is free software; see the source for copying conditions.  There is NO
warranty; not even for MERCHANTABILITY or FITNESS FOR A PARTICULAR PURPOSE.

configure:5220: $? = 0
configure:5209: gcc -v >&5
Using built-in specs.
COLLECT_GCC=gcc
COLLECT_LTO_WRAPPER=/usr/lib/gcc/x86_64-linux-gnu/11/lto-wrapper
OFFLOAD_TARGET_NAMES=nvptx-none:amdgcn-amdhsa
OFFLOAD_TARGET_DEFAULT=1
Target: x86_64-linux-gnu
Configured with: ../src/configure -v --with-pkgversion='Ubuntu 11.4.0-1ubuntu1~22.04' --with-bugurl=file:///usr/share/doc/gcc-11/README.Bugs --enable-languages=c,ada,c++,go,brig,d,fortran,objc,obj-c++,m2 --prefix=/usr --with-gcc-major-version-only --program-suffix=-11 --program-prefix=x86_64-linux-gnu- --enable-shared --enable-linker-build-id --libexecdir=/usr/lib --without-included-gettext --enable-threads=posix --libdir=/usr/lib --enable-nls --enable-bootstrap --enable-clocale=gnu --enable-libstdcxx-debug --enable-libstdcxx-time=yes --with-default-libstdcxx-abi=new --enable-gnu-unique-object --disable-vtable-verify --enable-plugin --enable-default-pie --with-system-zlib --enable-libphobos-checking=release --with-target-system-zlib=auto --enable-objc-gc=auto --enable-multiarch --disable-werror --enable-cet --with-arch-32=i686 --with-abi=m64 --with-multilib-list=m32,m64,mx32 --enable-multilib --with-tune=generic --enable-offload-targets=nvptx-none=/build/gcc-11-XeT9lY/gcc-11-11.4.0/debian/tmp-nvptx/usr,amdgcn-amdhsa=/build/gcc-11-XeT9lY/gcc-11-11.4.0/debian/tmp-gcn/usr --without-cuda-driver --enable-checking=release --build=x86_64-linux-gnu --host=x86_64-linux-gnu --target=x86_64-linux-gnu --with-build-config=bootstrap-lto-lean --enable-link-serialization=2
Thread model: posix
Supported LTO compression algorithms: zlib zstd
gcc version 11.4.0 (Ubuntu 11.4.0-1ubuntu1~22.04) 
... rest of stderr output deleted ...
configure:5220: $? = 0
configure:5209: gcc -V >&5
gcc: error: unrecognized command-line option '-V'
gcc: fatal error: no input files
compilation terminated.
configure:5220: $? = 1
configure:5209: gcc -qversion >&5
gcc: error: unrecognized command-line option '-qversion'; did you mean '--version'?
gcc: fatal error: no input files
compilation terminated.
configure:5220: $? = 1
configure:5209: gcc -version >&5
gcc: error: unrecognized command-line option '-version'
gcc: fatal error: no input files
compilation terminated.
configure:5220: $? = 1
configure:5224: checking whether the compiler supports GNU C
configure:5244: gcc -c   conftest.c >&5
configure:5244: $? = 0
configure:5254: result: yes
configure:5265: checking whether gcc accepts -g
configure:5286: gcc -c -g  conftest.c >&5
configure:5286: $? = 0
configure:5330: result: yes
configure:5350: checking for gcc option to enable C11 features
configure:5365: gcc  -c -g -O2  conftest.c >&5
configure:5365: $? = 0
configure:5383: result: none needed
configure:5498: checking for flex
configure:5519: found /usr/bin/flex
configure:5530: result: flex
configure:5579: checking for lex output file root
configure:5592: flex conftest.l
configure:5596: $? = 0
configure:5604: result: lex.yy
configure:5619: checking for lex library
configure:5644: gcc -o conftest -g -O2   conftest.c  >&5
configure:5644: $? = 0
configure:5657: result: none needed
configure:5677: checking whether yytext is a pointer
configure:5693: gcc -c -g -O2  conftest.c >&5
configure:5693: $? = 0
configure:5700: result: yes
configure:5721: checking for bison
configure:5742: found /usr/bin/bison
configure:5753: result: bison -y
configure:5786: checking for stdio.h
configure:5786: g++ -c -g -O2  conftest.cpp >&5
configure:5786: $? = 0
configure:5786: result: yes
configure:5786: checking for stdlib.h
configure:5786: g++ -c -g -O2  conftest.cpp >&5
configure:5786: $? = 0
configure:5786: result: yes
configure:5786: checking for string.h
configure:5786: g++ -c -g -O2  conftest.cpp >&5
configure:5786: $? = 0
configure:5786: result: yes
configure:5786: checking for inttypes.h
configure:5786: g++ -c -g -O2  conftest.cpp >&5
configure:5786: $? = 0
configure:5786: result: yes
configure:5786: checking for stdint.h
configure:5786: g++ -c -g -O2  conftest.cpp >&5
configure:5786: $? = 0
configure:5786: result: yes
configure:5786: checking for strings.h
configure:5786: g++ -c -g -O2  conftest.cpp >&5
configure:5786: $? = 0
configure:5786: result: yes
configure:5786: checking for sys/stat.h
configure:5786: g++ -c -g -O2  conftest.cpp >&5
configure:5786: $? = 0
configure:5786: result: yes
configure:5786: checking for sys/types.h
configure:5786: g++ -c -g -O2  conftest.cpp >&5
configure:5786: $? = 0
configure:5786: result: yes
configure:5786: checking for unistd.h
configure:5786: g++ -c -g -O2  conftest.cpp >&5
configure:5786: $? = 0
configure:5786: result: yes
configure:5786: checking for vfork.h
configure:5786: g++ -c -g -O2  conftest.cpp >&5
conftest.cpp:53:10: fatal error: vfork.h: No such file or directory
   53 | #include <vfork.h>
      |          ^~~~~~~~~
compilation terminated.
configure:5786: $? = 1
configure: failed program was:
| /* confdefs.h */
| #define PACKAGE_NAME ""
| #define PACKAGE_TARNAME ""
| #define PACKAGE_VERSION ""
| #define PACKAGE_STRING ""
| #define PACKAGE_BUGREPORT ""
| #define PACKAGE_URL ""
| #define VERSIONSTR "0.7.12"
| #define VERSIONHI 0
| #define VERSIONLO 7
| #define VERSIONP 12
| #define STATISTIC no
| #define YYTEXT_POINTER 1
| #define HAVE_FLEX 1
| #define HAVE_STDIO_H 1
| #define HAVE_STDLIB_H 1
| #define HAVE_STRING_H 1
| #define HAVE_INTTYPES_H 1
| #define HAVE_STDINT_H 1
| #define HAVE_STRINGS_H 1
| #define HAVE_SYS_STAT_H 1
| #define HAVE_SYS_TYPES_H 1
| #define HAVE_UNISTD_H 1
| /* end confdefs.h.  */
| #include <stddef.h>
| #ifdef HAVE_STDIO_H
| # include <stdio.h>
| #endif
| #ifdef HAVE_STDLIB_H
| # include <stdlib.h>
| #endif
| #ifdef HAVE_STRING_H
| # include <string.h>
| #endif
| #ifdef HAVE_INTTYPES_H
| # include <inttypes.h>
| #endif
| #ifdef HAVE_STDINT_H
| # include <stdint.h>
| #endif
| #ifdef HAVE_STRINGS_H
| # include <strings.h>
| #endif
| #ifdef HAVE_SYS_TYPES_H
| # include <sys/types.h>
| #endif
| #ifdef HAVE_SYS_STAT_H
| # include <sys/stat.h>
| #endif
| #ifdef HAVE_UNISTD_H
| # include <unistd.h>
| #endif
| #include <vfork.h>
configure:5786: result: no
configure:5811: checking for endian.h
configure:5811: g++ -c -g -O2  conftest.cpp >&5
configure:5811: $? = 0
configure:5811: result: yes
configure:5817: checking for sys/endian.h
configure:5817: g++ -c -g -O2  conftest.cpp >&5
conftest.cpp:55:10: fatal error: sys/endian.h: No such file or directory
   55 | #include <sys/endian.h>
      |          ^~~~~~~~~~~~~~
compilation terminated.
configure:5817: $? = 1
configure: failed program was:
| /* confdefs.h */
| #define PACKAGE_NAME ""
| #define PACKAGE_TARNAME ""
| #define PACKAGE_VERSION ""
| #define PACKAGE_STRING ""
| #define PACKAGE_BUGREPORT ""
| #define PACKAGE_URL ""
| #define VERSIONSTR "0.7.12"
| #define VERSIONHI 0
| #define VERSIONLO 7
| #define VERSIONP 12
| #define STATISTIC no
| #define YYTEXT_POINTER 1
| #define HAVE_FLEX 1
| #define HAVE_STDIO_H 1
| #define HAVE_STDLIB_H 1
| #define HAVE_STRING_H 1
| #define HAVE_INTTYPES_H 1
| #define HAVE_STDINT_H 1
| #define HAVE_STRINGS_H 1
| #define HAVE_SYS_STAT_H 1
| #define HAVE_SYS_TYPES_H 1
| #define HAVE_UNISTD_H 1
| #define STDC_HEADERS 1
| #define HAVE_ENDIAN_H 1
| /* end confdefs.h.  */
| #include <stddef.h>
| #ifdef HAVE_STDIO_H
| # include <stdio.h>
| #endif
| #ifdef HAVE_STDLIB_H
| # include <stdlib.h>
| #endif
| #ifdef HAVE_STRING_H
| # include <string.h>
| #endif
| #ifdef HAVE_INTTYPES_H
| # include <inttypes.h>
| #endif
| #ifdef HAVE_STDINT_H
| # include <stdint.h>
| #endif
| #ifdef HAVE_STRINGS_H
| # include <strings.h>
| #endif
| #ifdef HAVE_SYS_TYPES_H
| # include <sys/types.h>
| #endif
| #ifdef HAVE_SYS_STAT_H
| # include <sys/stat.h>
| #endif
| #ifdef HAVE_UNISTD_H
| # include <unistd.h>
| #endif
| #include <sys/endian.h>
configure:5817: result: no
configure:5823: checking for machine/endian.h
configure:5823: g++ -c -g -O2  conftest.cpp >&5
conftest.cpp:55:10: fatal error: machine/endian.h: No such file or directory
   55 | #include <machine/endian.h>
      |          ^~~~~~~~~~~~~~~~~~
compilation terminated.
configure:5823: $? = 1
configure: failed program was:
| /* confdefs.h */
| #define PACKAGE_NAME ""
| #define PACKAGE_TARNAME ""
| #define PACKAGE_VERSION ""
| #define PACKAGE_STRING ""
| #define PACKAGE_BUGREPORT ""
| #define PACKAGE_URL ""
| #define VERSIONSTR "0.7.12"
| #define VERSIONHI 0
| #define VERSIONLO 7
| #define VERSIONP 12
| #define STATISTIC no
| #define YYTEXT_POINTER 1
| #define HAVE_FLEX 1
| #define HAVE_STDIO_H 1
| #define HAVE_STDLIB_H 1
| #define HAVE_STRING_H 1
| #define HAVE_INTTYPES_H 1
| #define HAVE_STDINT_H 1
| #define HAVE_STRINGS_H 1
| #define HAVE_SYS_STAT_H 1
| #define HAVE_SYS_TYPES_H 1
| #define HAVE_UNISTD_H 1
| #define STDC_HEADERS 1
| #define HAVE_ENDIAN_H 1
| /* end confdefs.h.  */
| #include <stddef.h>
| #ifdef HAVE_STDIO_H
| # include <stdio.h>
| #endif
| #ifdef HAVE_STDLIB_H
| # include <stdlib.h>
| #endif
| #ifdef HAVE_STRING_H
| # include <string.h>
| #endif
| #ifdef HAVE_INTTYPES_H
| # include <inttypes.h>
| #endif
| #ifdef HAVE_STDINT_H
| # include <stdint.h>
| #endif
| #ifdef HAVE_STRINGS_H
| # include <strings.h>
| #endif
| #ifdef HAVE_SYS_TYPES_H
| # include <sys/types.h>
| #endif
| #ifdef HAVE_SYS_STAT_H
| # include <sys/stat.h>
| #endif
| #ifdef HAVE_UNISTD_H
| # include <unistd.h>
| #endif
| #include <machine/endian.h>
configure:5823: result: no
configure:5829: checking for sys/isa_defs.h
configure:5829: g++ -c -g -O2  conftest.cpp >&5
conftest.cpp:55:10: fatal error: sys/isa_defs.h: No such file or directory
   55 | #include <sys/isa_defs.h>
      |          ^~~~~~~~~~~~~~~~
compilation terminated.
configure:5829: $? = 1
configure: failed program was:
| /* confdefs.h */
| #define PACKAGE_NAME ""
| #define PACKAGE_TARNAME ""
| #define PACKAGE_VERSION ""
| #define PACKAGE_STRING ""
| #define PACKAGE_BUGREPORT ""
| #define PACKAGE_URL ""
| #define VERSIONSTR "0.7.12"
| #define VERSIONHI 0
| #define VERSIONLO 7
| #define VERSIONP 12
| #define STATISTIC no
| #define YYTEXT_POINTER 1
| #define HAVE_FLEX 1
| #define HAVE_STDIO_H 1
| #define HAVE_STDLIB_H 1
| #define HAVE_STRING_H 1
| #define HAVE_INTTYPES_H 1
| #define HAVE_STDINT_H 1
| #define HAVE_STRINGS_H 1
| #define HAVE_SYS_STAT_H 1
| #define HAVE_SYS_TYPES_H 1
| #define HAVE_UNISTD_H 1
| #define STDC_HEADERS 1
| #define HAVE_ENDIAN_H 1
| /* end confdefs.h.  */
| #include <stddef.h>
| #ifdef HAVE_STDIO_H
| # include <stdio.h>
| #endif
| #ifdef HAVE_STDLIB_H
| # include <stdlib.h>
| #endif
| #ifdef HAVE_STRING_H
| # include <string.h>
| #endif
| #ifdef HAVE_INTTYPES_H
| # include <inttypes.h>
| #endif
| #ifdef HAVE_STDINT_H
| # include <stdint.h>
| #endif
| #ifdef HAVE_STRINGS_H
| # include <strings.h>
| #endif
| #ifdef HAVE_SYS_TYPES_H
| # include <sys/types.h>
| #endif
| #ifdef HAVE_SYS_STAT_H
| # include <sys/stat.h>
| #endif
| #ifdef HAVE_UNISTD_H
| # include <unistd.h>
| #endif
| #include <sys/isa_defs.h>
configure:5829: result: no
configure:5836: checking for getopt.h
configure:5836: g++ -c -g -O2  conftest.cpp >&5
configure:5836: $? = 0
configure:5836: result: yes
configure:5843: checking for unistd.h
configure:5843: result: yes
configure:5850: checking for termios.h
configure:5850: g++ -c -g -O2  conftest.cpp >&5
configure:5850: $? = 0
configure:5850: result: yes
configure:5857: checking for inttypes.h
configure:5857: result: yes
configure:5864: checking for cstdint.h
configure:5864: g++ -c -g -O2  conftest.cpp >&5
conftest.cpp:59:10: fatal error: cstdint.h: No such file or directory
   59 | #include <cstdint.h>
      |          ^~~~~~~~~~~
compilation terminated.
configure:5864: $? = 1
configure: failed program was:
| /* confdefs.h */
| #define PACKAGE_NAME ""
| #define PACKAGE_TARNAME ""
| #define PACKAGE_VERSION ""
| #define PACKAGE_STRING ""
| #define PACKAGE_BUGREPORT ""
| #define PACKAGE_URL ""
| #define VERSIONSTR "0.7.12"
| #define VERSIONHI 0
| #define VERSIONLO 7
| #define VERSIONP 12
| #define STATISTIC no
| #define YYTEXT_POINTER 1
| #define HAVE_FLEX 1
| #define HAVE_STDIO_H 1
| #define HAVE_STDLIB_H 1
| #define HAVE_STRING_H 1
| #define HAVE_INTTYPES_H 1
| #define HAVE_STDINT_H 1
| #define HAVE_STRINGS_H 1
| #define HAVE_SYS_STAT_H 1
| #define HAVE_SYS_TYPES_H 1
| #define HAVE_UNISTD_H 1
| #define STDC_HEADERS 1
| #define HAVE_ENDIAN_H 1
| #define HAVE_GETOPT_H 1
| #define HAVE_UNISTD_H 1
| #define HAVE_TERMIOS_H 1
| #define HAVE_INTTYPES_H 1
| /* end confdefs.h.  */
| #include <stddef.h>
| #ifdef HAVE_STDIO_H
| # include <stdio.h>
| #endif
| #ifdef HAVE_STDLIB_H
| # include <stdlib.h>
| #endif
| #ifdef HAVE_STRING_H
| # include <string.h>
| #endif
| #ifdef HAVE_INTTYPES_H
| # include <inttypes.h>
| #endif
| #ifdef HAVE_STDINT_H
| # include <stdint.h>
| #endif
| #ifdef HAVE_STRINGS_H
| # include <strings.h>
| #endif
| #ifdef HAVE_SYS_TYPES_H
| # include <sys/types.h>
| #endif
| #ifdef HAVE_SYS_STAT_H
| # include <sys/stat.h>
| #endif
| #ifdef HAVE_UNISTD_H
| # include <unistd.h>
| #endif
| #include <cstdint.h>
configure:5864: result: no
configure:5871: checking for stdint.h
configure:5871: result: yes
configure:5878: checking for sys/wait.h
configure:5878: g++ -c -g -O2  conftest.cpp >&5
configure:5878: $? = 0
configure:5878: result: yes
configure:5885: checking for wincon.h
configure:5885: g++ -c -g -O2  conftest.cpp >&5
conftest.cpp:61:10: fatal error: wincon.h: No such file or directory
   61 | #include <wincon.h>
      |          ^~~~~~~~~~
compilation terminated.
configure:5885: $? = 1
configure: failed program was:
| /* confdefs.h */
| #define PACKAGE_NAME ""
| #define PACKAGE_TARNAME ""
| #define PACKAGE_VERSION ""
| #define PACKAGE_STRING ""
| #define PACKAGE_BUGREPORT ""
| #define PACKAGE_URL ""
| #define VERSIONSTR "0.7.12"
| #define VERSIONHI 0
| #define VERSIONLO 7
| #define VERSIONP 12
| #define STATISTIC no
| #define YYTEXT_POINTER 1
| #define HAVE_FLEX 1
| #define HAVE_STDIO_H 1
| #define HAVE_STDLIB_H 1
| #define HAVE_STRING_H 1
| #define HAVE_INTTYPES_H 1
| #define HAVE_STDINT_H 1
| #define HAVE_STRINGS_H 1
| #define HAVE_SYS_STAT_H 1
| #define HAVE_SYS_TYPES_H 1
| #define HAVE_UNISTD_H 1
| #define STDC_HEADERS 1
| #define HAVE_ENDIAN_H 1
| #define HAVE_GETOPT_H 1
| #define HAVE_UNISTD_H 1
| #define HAVE_TERMIOS_H 1
| #define HAVE_INTTYPES_H 1
| #define HAVE_STDINT_H 1
| #define HAVE_SYS_WAIT_H 1
| /* end confdefs.h.  */
| #include <stddef.h>
| #ifdef HAVE_STDIO_H
| # include <stdio.h>
| #endif
| #ifdef HAVE_STDLIB_H
| # include <stdlib.h>
| #endif
| #ifdef HAVE_STRING_H
| # include <string.h>
| #endif
| #ifdef HAVE_INTTYPES_H
| # include <inttypes.h>
| #endif
| #ifdef HAVE_STDINT_H
| # include <stdint.h>
| #endif
| #ifdef HAVE_STRINGS_H
| # include <strings.h>
| #endif
| #ifdef HAVE_SYS_TYPES_H
| # include <sys/types.h>
| #endif
| #ifdef HAVE_SYS_STAT_H
| # include <sys/stat.h>
| #endif
| #ifdef HAVE_UNISTD_H
| # include <unistd.h>
| #endif
| #include <wincon.h>
configure:5885: result: no
configure:5893: checking for curses.h
configure:5893: g++ -c -g -O2  conftest.cpp >&5
conftest.cpp:61:10: fatal error: curses.h: No such file or directory
   61 | #include <curses.h>
      |          ^~~~~~~~~~
compilation terminated.
configure:5893: $? = 1
configure: failed program was:
| /* confdefs.h */
| #define PACKAGE_NAME ""
| #define PACKAGE_TARNAME ""
| #define PACKAGE_VERSION ""
| #define PACKAGE_STRING ""
| #define PACKAGE_BUGREPORT ""
| #define PACKAGE_URL ""
| #define VERSIONSTR "0.7.12"
| #define VERSIONHI 0
| #define VERSIONLO 7
| #define VERSIONP 12
| #define STATISTIC no
| #define YYTEXT_POINTER 1
| #define HAVE_FLEX 1
| #define HAVE_STDIO_H 1
| #define HAVE_STDLIB_H 1
| #define HAVE_STRING_H 1
| #define HAVE_INTTYPES_H 1
| #define HAVE_STDINT_H 1
| #define HAVE_STRINGS_H 1
| #define HAVE_SYS_STAT_H 1
| #define HAVE_SYS_TYPES_H 1
| #define HAVE_UNISTD_H 1
| #define STDC_HEADERS 1
| #define HAVE_ENDIAN_H 1
| #define HAVE_GETOPT_H 1
| #define HAVE_UNISTD_H 1
| #define HAVE_TERMIOS_H 1
| #define HAVE_INTTYPES_H 1
| #define HAVE_STDINT_H 1
| #define HAVE_SYS_WAIT_H 1
| /* end confdefs.h.  */
| #include <stddef.h>
| #ifdef HAVE_STDIO_H
| # include <stdio.h>
| #endif
| #ifdef HAVE_STDLIB_H
| # include <stdlib.h>
| #endif
| #ifdef HAVE_STRING_H
| # include <string.h>
| #endif
| #ifdef HAVE_INTTYPES_H
| # include <inttypes.h>
| #endif
| #ifdef HAVE_STDINT_H
| # include <stdint.h>
| #endif
| #ifdef HAVE_STRINGS_H
| # include <strings.h>
| #endif
| #ifdef HAVE_SYS_TYPES_H
| # include <sys/types.h>
| #endif
| #ifdef HAVE_SYS_STAT_H
| # include <sys/stat.h>
| #endif
| #ifdef HAVE_UNISTD_H
| # include <unistd.h>
| #endif
| #include <curses.h>
configure:5893: result: no
configure:5907: checking for sys/socket.h
configure:5907: g++ -c -g -O2  conftest.cpp >&5
configure:5907: $? = 0
configure:5907: result: yes
configure:5948: checking for grep that handles long lines and -e
configure:6012: result: /usr/bin/grep
configure:6017: checking for egrep
configure:6085: result: /usr/bin/grep -E
conftest.cpp:36:25: warning: extra tokens at end of #include directive
   36 | #include <<sys/socket.h>>
      |                         ^
conftest.cpp:36:10: fatal error: <sys/socket.h: No such file or directory
   36 | #include <<sys/socket.h>>
      |          ^~~~~~~~~~~~~~~
compilation terminated.
configure:6113: checking for dlfcn.h
configure:6113: g++ -c -g -O2  conftest.cpp >&5
configure:6113: $? = 0
configure:6113: result: yes
configure:6122: checking for dirent.h that defines DIR
configure:6142: g++ -c -g -O2  conftest.cpp >&5
configure:6142: $? = 0
configure:6151: result: yes
configure:6165: checking for library containing opendir
configure:6194: g++ -o conftest -g -O2   conftest.cpp  >&5
configure:6194: $? = 0
configure:6214: result: none required
configure:6287: checking which header file defines FD_ macros
conftest.cpp:40:10: fatal error: winsock2.h: No such file or directory
   40 | #include <winsock2.h>
      |          ^~~~~~~~~~~~
compilation terminated.
configure:6355: result: <sys/select.h>
configure:6410: checking for socket in -lsocket
configure:6432: g++ -o conftest -g -O2   conftest.cpp -lsocket   >&5
/usr/bin/ld: cannot find -lsocket: No such file or directory
collect2: error: ld returned 1 exit status
configure:6432: $? = 1
configure: failed program was:
| /* confdefs.h */
| #define PACKAGE_NAME ""
| #define PACKAGE_TARNAME ""
| #define PACKAGE_VERSION ""
| #define PACKAGE_STRING ""
| #define PACKAGE_BUGREPORT ""
| #define PACKAGE_URL ""
| #define VERSIONSTR "0.7.12"
| #define VERSIONHI 0
| #define VERSIONLO 7
| #define VERSIONP 12
| #define STATISTIC no
| #define YYTEXT_POINTER 1
| #define HAVE_FLEX 1
| #define HAVE_STDIO_H 1
| #define HAVE_STDLIB_H 1
| #define HAVE_STRING_H 1
| #define HAVE_INTTYPES_H 1
| #define HAVE_STDINT_H 1
| #define HAVE_STRINGS_H 1
| #define HAVE_SYS_STAT_H 1
| #define HAVE_SYS_TYPES_H 1
| #define HAVE_UNISTD_H 1
| #define STDC_HEADERS 1
| #define HAVE_ENDIAN_H 1
| #define HAVE_GETOPT_H 1
| #define HAVE_UNISTD_H 1
| #define HAVE_TERMIOS_H 1
| #define HAVE_INTTYPES_H 1
| #define HAVE_STDINT_H 1
| #define HAVE_SYS_WAIT_H 1
| #define HAVE_SYS_SOCKET_H 1
| #define SOCKET_AVAIL 1
| #define UCSOCKET_T int
| #define SOCKLEN_T uint
| #define HEADER_SOCKET <sys/socket.h>
| #define HAVE_DIRENT_H 1
| #define FD_NEED_TIME_H 0
| #define FD_NEED_TYPES_H 0
| #define FD_NEED_SELECT_H 1
| #define FD_NEED_WINSOCK2_H 0
| #define HEADER_FD <sys/select.h>
| /* end confdefs.h.  */
| 
| namespace conftest {
|   extern "C" int socket ();
| }
| int
| main (void)
| {
| return conftest::socket ();
|   ;
|   return 0;
| }
configure:6442: result: no
configure:6452: checking for xdr_short in -lnsl
configure:6474: g++ -o conftest -g -O2   conftest.cpp -lnsl   >&5
/usr/bin/ld: /tmp/ccwhau4o.o: in function `main':
/usr/sdcc-master/sim/ucsim/conftest.cpp:51: undefined reference to `xdr_short'
collect2: error: ld returned 1 exit status
configure:6474: $? = 1
configure: failed program was:
| /* confdefs.h */
| #define PACKAGE_NAME ""
| #define PACKAGE_TARNAME ""
| #define PACKAGE_VERSION ""
| #define PACKAGE_STRING ""
| #define PACKAGE_BUGREPORT ""
| #define PACKAGE_URL ""
| #define VERSIONSTR "0.7.12"
| #define VERSIONHI 0
| #define VERSIONLO 7
| #define VERSIONP 12
| #define STATISTIC no
| #define YYTEXT_POINTER 1
| #define HAVE_FLEX 1
| #define HAVE_STDIO_H 1
| #define HAVE_STDLIB_H 1
| #define HAVE_STRING_H 1
| #define HAVE_INTTYPES_H 1
| #define HAVE_STDINT_H 1
| #define HAVE_STRINGS_H 1
| #define HAVE_SYS_STAT_H 1
| #define HAVE_SYS_TYPES_H 1
| #define HAVE_UNISTD_H 1
| #define STDC_HEADERS 1
| #define HAVE_ENDIAN_H 1
| #define HAVE_GETOPT_H 1
| #define HAVE_UNISTD_H 1
| #define HAVE_TERMIOS_H 1
| #define HAVE_INTTYPES_H 1
| #define HAVE_STDINT_H 1
| #define HAVE_SYS_WAIT_H 1
| #define HAVE_SYS_SOCKET_H 1
| #define SOCKET_AVAIL 1
| #define UCSOCKET_T int
| #define SOCKLEN_T uint
| #define HEADER_SOCKET <sys/socket.h>
| #define HAVE_DIRENT_H 1
| #define FD_NEED_TIME_H 0
| #define FD_NEED_TYPES_H 0
| #define FD_NEED_SELECT_H 1
| #define FD_NEED_WINSOCK2_H 0
| #define HEADER_FD <sys/select.h>
| /* end confdefs.h.  */
| 
| namespace conftest {
|   extern "C" int xdr_short ();
| }
| int
| main (void)
| {
| return conftest::xdr_short ();
|   ;
|   return 0;
| }
configure:6484: result: no
configure:6494: checking for nanosleep in -lrt
configure:6516: g++ -o conftest -g -O2   conftest.cpp -lrt   >&5
configure:6516: $? = 0
configure:6526: result: yes
configure:6538: checking for dlopen in -ldl
configure:6560: g++ -o conftest -g -O2   conftest.cpp -ldl  -lrt  >&5
configure:6560: $? = 0
configure:6570: result: yes
configure:6731: checking for pid_t
configure:6731: g++ -c -g -O2  conftest.cpp >&5
configure:6731: $? = 0
configure:6731: g++ -c -g -O2  conftest.cpp >&5
conftest.cpp: In function 'int main()':
conftest.cpp:77:19: error: expected primary-expression before ')' token
   77 | if (sizeof ((pid_t)))
      |                   ^
configure:6731: $? = 1
configure: failed program was:
| /* confdefs.h */
| #define PACKAGE_NAME ""
| #define PACKAGE_TARNAME ""
| #define PACKAGE_VERSION ""
| #define PACKAGE_STRING ""
| #define PACKAGE_BUGREPORT ""
| #define PACKAGE_URL ""
| #define VERSIONSTR "0.7.12"
| #define VERSIONHI 0
| #define VERSIONLO 7
| #define VERSIONP 12
| #define STATISTIC no
| #define YYTEXT_POINTER 1
| #define HAVE_FLEX 1
| #define HAVE_STDIO_H 1
| #define HAVE_STDLIB_H 1
| #define HAVE_STRING_H 1
| #define HAVE_INTTYPES_H 1
| #define HAVE_STDINT_H 1
| #define HAVE_STRINGS_H 1
| #define HAVE_SYS_STAT_H 1
| #define HAVE_SYS_TYPES_H 1
| #define HAVE_UNISTD_H 1
| #define STDC_HEADERS 1
| #define HAVE_ENDIAN_H 1
| #define HAVE_GETOPT_H 1
| #define HAVE_UNISTD_H 1
| #define HAVE_TERMIOS_H 1
| #define HAVE_INTTYPES_H 1
| #define HAVE_STDINT_H 1
| #define HAVE_SYS_WAIT_H 1
| #define HAVE_SYS_SOCKET_H 1
| #define SOCKET_AVAIL 1
| #define UCSOCKET_T int
| #define SOCKLEN_T uint
| #define HEADER_SOCKET <sys/socket.h>
| #define HAVE_DIRENT_H 1
| #define FD_NEED_TIME_H 0
| #define FD_NEED_TYPES_H 0
| #define FD_NEED_SELECT_H 1
| #define FD_NEED_WINSOCK2_H 0
| #define HEADER_FD <sys/select.h>
| #define HAVE_LIBRT 1
| /* end confdefs.h.  */
| #include <stddef.h>
| #ifdef HAVE_STDIO_H
| # include <stdio.h>
| #endif
| #ifdef HAVE_STDLIB_H
| # include <stdlib.h>
| #endif
| #ifdef HAVE_STRING_H
| # include <string.h>
| #endif
| #ifdef HAVE_INTTYPES_H
| # include <inttypes.h>
| #endif
| #ifdef HAVE_STDINT_H
| # include <stdint.h>
| #endif
| #ifdef HAVE_STRINGS_H
| # include <strings.h>
| #endif
| #ifdef HAVE_SYS_TYPES_H
| # include <sys/types.h>
| #endif
| #ifdef HAVE_SYS_STAT_H
| # include <sys/stat.h>
| #endif
| #ifdef HAVE_UNISTD_H
| # include <unistd.h>
| #endif
| 
| int
| main (void)
| {
| if (sizeof ((pid_t)))
| 	    return 0;
|   ;
|   return 0;
| }
configure:6731: result: yes
configure:6772: checking for fork
configure:6772: g++ -o conftest -g -O2   conftest.cpp -lrt  >&5
conftest.cpp:61:6: warning: declaration of 'char fork()' conflicts with built-in declaration 'int fork()' [-Wbuiltin-declaration-mismatch]
   61 | char fork ();
      |      ^~~~
configure:6772: $? = 0
configure:6772: result: yes
configure:6772: checking for vfork
configure:6772: g++ -o conftest -g -O2   conftest.cpp -lrt  >&5
configure:6772: $? = 0
configure:6772: result: yes
configure:6785: checking for working fork
configure:6809: g++ -o conftest -g -O2   conftest.cpp -lrt  >&5
configure:6809: $? = 0
configure:6809: ./conftest
configure:6809: $? = 0
configure:6820: result: yes
configure:6841: checking for working vfork
configure:6970: result: yes
configure:6995: checking for _exit
configure:6995: g++ -o conftest -g -O2   conftest.cpp -lrt  >&5
conftest.cpp:65:6: warning: declaration of 'char _exit()' conflicts with built-in declaration 'void _exit(int)' [-Wbuiltin-declaration-mismatch]
   65 | char _exit ();
      |      ^~~~~
configure:6995: $? = 0
configure:6995: result: yes
configure:7001: checking for dup2
configure:7001: g++ -o conftest -g -O2   conftest.cpp -lrt  >&5
configure:7001: $? = 0
configure:7001: result: yes
configure:7007: checking for dup3
configure:7007: g++ -o conftest -g -O2   conftest.cpp -lrt  >&5
configure:7007: $? = 0
configure:7007: result: yes
configure:7013: checking for pipe
configure:7013: g++ -o conftest -g -O2   conftest.cpp -lrt  >&5
configure:7013: $? = 0
configure:7013: result: yes
configure:7019: checking for pipe2
configure:7019: g++ -o conftest -g -O2   conftest.cpp -lrt  >&5
configure:7019: $? = 0
configure:7019: result: yes
configure:7025: checking for waitpid
configure:7025: g++ -o conftest -g -O2   conftest.cpp -lrt  >&5
configure:7025: $? = 0
configure:7025: result: yes
configure:7032: checking for vasprintf
configure:7032: g++ -o conftest -g -O2   conftest.cpp -lrt  >&5
configure:7032: $? = 0
configure:7032: result: yes
configure:7039: checking for vsnprintf
configure:7039: g++ -o conftest -g -O2   conftest.cpp -lrt  >&5
conftest.cpp:72:6: warning: declaration of 'char vsnprintf()' conflicts with built-in declaration 'int vsnprintf(char*, long unsigned int, const char*, __va_list_tag*)' [-Wbuiltin-declaration-mismatch]
   72 | char vsnprintf ();
      |      ^~~~~~~~~
configure:7039: $? = 0
configure:7039: result: yes
configure:7046: checking for yylex
configure:7046: g++ -o conftest -g -O2   conftest.cpp -lrt  >&5
/usr/bin/ld: /tmp/cco959az.o: in function `main':
/usr/sdcc-master/sim/ucsim/conftest.cpp:84: undefined reference to `yylex'
collect2: error: ld returned 1 exit status
configure:7046: $? = 1
configure: failed program was:
| /* confdefs.h */
| #define PACKAGE_NAME ""
| #define PACKAGE_TARNAME ""
| #define PACKAGE_VERSION ""
| #define PACKAGE_STRING ""
| #define PACKAGE_BUGREPORT ""
| #define PACKAGE_URL ""
| #define VERSIONSTR "0.7.12"
| #define VERSIONHI 0
| #define VERSIONLO 7
| #define VERSIONP 12
| #define STATISTIC no
| #define YYTEXT_POINTER 1
| #define HAVE_FLEX 1
| #define HAVE_STDIO_H 1
| #define HAVE_STDLIB_H 1
| #define HAVE_STRING_H 1
| #define HAVE_INTTYPES_H 1
| #define HAVE_STDINT_H 1
| #define HAVE_STRINGS_H 1
| #define HAVE_SYS_STAT_H 1
| #define HAVE_SYS_TYPES_H 1
| #define HAVE_UNISTD_H 1
| #define STDC_HEADERS 1
| #define HAVE_ENDIAN_H 1
| #define HAVE_GETOPT_H 1
| #define HAVE_UNISTD_H 1
| #define HAVE_TERMIOS_H 1
| #define HAVE_INTTYPES_H 1
| #define HAVE_STDINT_H 1
| #define HAVE_SYS_WAIT_H 1
| #define HAVE_SYS_SOCKET_H 1
| #define SOCKET_AVAIL 1
| #define UCSOCKET_T int
| #define SOCKLEN_T uint
| #define HEADER_SOCKET <sys/socket.h>
| #define HAVE_DIRENT_H 1
| #define FD_NEED_TIME_H 0
| #define FD_NEED_TYPES_H 0
| #define FD_NEED_SELECT_H 1
| #define FD_NEED_WINSOCK2_H 0
| #define HEADER_FD <sys/select.h>
| #define HAVE_LIBRT 1
| #define HAVE_FORK 1
| #define HAVE_VFORK 1
| #define HAVE_WORKING_VFORK 1
| #define HAVE_WORKING_FORK 1
| #define HAVE__EXIT 1
| #define HAVE_DUP2 1
| #define HAVE_DUP3 1
| #define HAVE_PIPE 1
| #define HAVE_PIPE2 1
| #define HAVE_WAITPID 1
| #define HAVE_VASPRINTF 1
| #define HAVE_VSNPRINTF 1
| /* end confdefs.h.  */
| /* Define yylex to an innocuous variant, in case <limits.h> declares yylex.
|    For example, HP-UX 11i <limits.h> declares gettimeofday.  */
| #define yylex innocuous_yylex
| 
| /* System header to define __stub macros and hopefully few prototypes,
|    which can conflict with char yylex (); below.  */
| 
| #include <limits.h>
| #undef yylex
| 
| /* Override any GCC internal prototype to avoid an error.
|    Use char because int might match the return type of a GCC
|    builtin and then its argument prototype would still apply.  */
| #ifdef __cplusplus
| extern "C"
| #endif
| char yylex ();
| /* The GNU C library defines this for functions which it implements
|     to always fail with ENOSYS.  Some functions are actually named
|     something starting with __ and the normal name is an alias.  */
| #if defined __stub_yylex || defined __stub___yylex
| choke me
| #endif
| 
| int
| main (void)
| {
| return yylex ();
|   ;
|   return 0;
| }
configure:7046: result: no
configure:7151: checking whether byte ordering is bigendian
configure:7167: g++ -c -g -O2  conftest.cpp >&5
conftest.cpp:58:16: error: expected unqualified-id before 'not' token
   58 |                not a universal capable compiler
      |                ^~~
configure:7167: $? = 1
configure: failed program was:
| /* confdefs.h */
| #define PACKAGE_NAME ""
| #define PACKAGE_TARNAME ""
| #define PACKAGE_VERSION ""
| #define PACKAGE_STRING ""
| #define PACKAGE_BUGREPORT ""
| #define PACKAGE_URL ""
| #define VERSIONSTR "0.7.12"
| #define VERSIONHI 0
| #define VERSIONLO 7
| #define VERSIONP 12
| #define STATISTIC no
| #define YYTEXT_POINTER 1
| #define HAVE_FLEX 1
| #define HAVE_STDIO_H 1
| #define HAVE_STDLIB_H 1
| #define HAVE_STRING_H 1
| #define HAVE_INTTYPES_H 1
| #define HAVE_STDINT_H 1
| #define HAVE_STRINGS_H 1
| #define HAVE_SYS_STAT_H 1
| #define HAVE_SYS_TYPES_H 1
| #define HAVE_UNISTD_H 1
| #define STDC_HEADERS 1
| #define HAVE_ENDIAN_H 1
| #define HAVE_GETOPT_H 1
| #define HAVE_UNISTD_H 1
| #define HAVE_TERMIOS_H 1
| #define HAVE_INTTYPES_H 1
| #define HAVE_STDINT_H 1
| #define HAVE_SYS_WAIT_H 1
| #define HAVE_SYS_SOCKET_H 1
| #define SOCKET_AVAIL 1
| #define UCSOCKET_T int
| #define SOCKLEN_T uint
| #define HEADER_SOCKET <sys/socket.h>
| #define HAVE_DIRENT_H 1
| #define FD_NEED_TIME_H 0
| #define FD_NEED_TYPES_H 0
| #define FD_NEED_SELECT_H 1
| #define FD_NEED_WINSOCK2_H 0
| #define HEADER_FD <sys/select.h>
| #define HAVE_LIBRT 1
| #define HAVE_FORK 1
| #define HAVE_VFORK 1
| #define HAVE_WORKING_VFORK 1
| #define HAVE_WORKING_FORK 1
| #define HAVE__EXIT 1
| #define HAVE_DUP2 1
| #define HAVE_DUP3 1
| #define HAVE_PIPE 1
| #define HAVE_PIPE2 1
| #define HAVE_WAITPID 1
| #define HAVE_VASPRINTF 1
| #define HAVE_VSNPRINTF 1
| /* end confdefs.h.  */
| #ifndef __APPLE_CC__
| 	       not a universal capable compiler
| 	     #endif
| 	     typedef int dummy;
| 
configure:7213: g++ -c -g -O2  conftest.cpp >&5
configure:7213: $? = 0
configure:7232: g++ -c -g -O2  conftest.cpp >&5
conftest.cpp: In function 'int main()':
conftest.cpp:64:22: error: 'big' was not declared in this scope
   64 |                  not big endian
      |                      ^~~
configure:7232: $? = 1
configure: failed program was:
| /* confdefs.h */
| #define PACKAGE_NAME ""
| #define PACKAGE_TARNAME ""
| #define PACKAGE_VERSION ""
| #define PACKAGE_STRING ""
| #define PACKAGE_BUGREPORT ""
| #define PACKAGE_URL ""
| #define VERSIONSTR "0.7.12"
| #define VERSIONHI 0
| #define VERSIONLO 7
| #define VERSIONP 12
| #define STATISTIC no
| #define YYTEXT_POINTER 1
| #define HAVE_FLEX 1
| #define HAVE_STDIO_H 1
| #define HAVE_STDLIB_H 1
| #define HAVE_STRING_H 1
| #define HAVE_INTTYPES_H 1
| #define HAVE_STDINT_H 1
| #define HAVE_STRINGS_H 1
| #define HAVE_SYS_STAT_H 1
| #define HAVE_SYS_TYPES_H 1
| #define HAVE_UNISTD_H 1
| #define STDC_HEADERS 1
| #define HAVE_ENDIAN_H 1
| #define HAVE_GETOPT_H 1
| #define HAVE_UNISTD_H 1
| #define HAVE_TERMIOS_H 1
| #define HAVE_INTTYPES_H 1
| #define HAVE_STDINT_H 1
| #define HAVE_SYS_WAIT_H 1
| #define HAVE_SYS_SOCKET_H 1
| #define SOCKET_AVAIL 1
| #define UCSOCKET_T int
| #define SOCKLEN_T uint
| #define HEADER_SOCKET <sys/socket.h>
| #define HAVE_DIRENT_H 1
| #define FD_NEED_TIME_H 0
| #define FD_NEED_TYPES_H 0
| #define FD_NEED_SELECT_H 1
| #define FD_NEED_WINSOCK2_H 0
| #define HEADER_FD <sys/select.h>
| #define HAVE_LIBRT 1
| #define HAVE_FORK 1
| #define HAVE_VFORK 1
| #define HAVE_WORKING_VFORK 1
| #define HAVE_WORKING_FORK 1
| #define HAVE__EXIT 1
| #define HAVE_DUP2 1
| #define HAVE_DUP3 1
| #define HAVE_PIPE 1
| #define HAVE_PIPE2 1
| #define HAVE_WAITPID 1
| #define HAVE_VASPRINTF 1
| #define HAVE_VSNPRINTF 1
| /* end confdefs.h.  */
| #include <sys/types.h>
| 		#include <sys/param.h>
| 
| int
| main (void)
| {
| #if BYTE_ORDER != BIG_ENDIAN
| 		 not big endian
| 		#endif
| 
|   ;
|   return 0;
| }
configure:7366: result: no
configure:7389: checking whether preprocessor accepts -MM or -M
Using built-in specs.
COLLECT_GCC=g++
OFFLOAD_TARGET_NAMES=nvptx-none:amdgcn-amdhsa
OFFLOAD_TARGET_DEFAULT=1
Target: x86_64-linux-gnu
Configured with: ../src/configure -v --with-pkgversion='Ubuntu 11.4.0-1ubuntu1~22.04' --with-bugurl=file:///usr/share/doc/gcc-11/README.Bugs --enable-languages=c,ada,c++,go,brig,d,fortran,objc,obj-c++,m2 --prefix=/usr --with-gcc-major-version-only --program-suffix=-11 --program-prefix=x86_64-linux-gnu- --enable-shared --enable-linker-build-id --libexecdir=/usr/lib --without-included-gettext --enable-threads=posix --libdir=/usr/lib --enable-nls --enable-bootstrap --enable-clocale=gnu --enable-libstdcxx-debug --enable-libstdcxx-time=yes --with-default-libstdcxx-abi=new --enable-gnu-unique-object --disable-vtable-verify --enable-plugin --enable-default-pie --with-system-zlib --enable-libphobos-checking=release --with-target-system-zlib=auto --enable-objc-gc=auto --enable-multiarch --disable-werror --enable-cet --with-arch-32=i686 --with-abi=m64 --with-multilib-list=m32,m64,mx32 --enable-multilib --with-tune=generic --enable-offload-targets=nvptx-none=/build/gcc-11-XeT9lY/gcc-11-11.4.0/debian/tmp-nvptx/usr,amdgcn-amdhsa=/build/gcc-11-XeT9lY/gcc-11-11.4.0/debian/tmp-gcn/usr --without-cuda-driver --enable-checking=release --build=x86_64-linux-gnu --host=x86_64-linux-gnu --target=x86_64-linux-gnu --with-build-config=bootstrap-lto-lean --enable-link-serialization=2
Thread model: posix
Supported LTO compression algorithms: zlib zstd
gcc version 11.4.0 (Ubuntu 11.4.0-1ubuntu1~22.04) 
COLLECT_GCC_OPTIONS='-E' '-v' '-MM' '-shared-libgcc' '-mtune=generic' '-march=x86-64'
 /usr/lib/gcc/x86_64-linux-gnu/11/cc1plus -E -quiet -v -imultiarch x86_64-linux-gnu -MM -D_GNU_SOURCE _test_.c -mtune=generic -march=x86-64 -fasynchronous-unwind-tables -fstack-protector-strong -Wformat -Wformat-security -fstack-clash-protection -fcf-protection -dumpbase _test_.c -dumpbase-ext .c
ignoring duplicate directory "/usr/include/x86_64-linux-gnu/c++/11"
ignoring nonexistent directory "/usr/local/include/x86_64-linux-gnu"
ignoring nonexistent directory "/usr/lib/gcc/x86_64-linux-gnu/11/include-fixed"
ignoring nonexistent directory "/usr/lib/gcc/x86_64-linux-gnu/11/../../../../x86_64-linux-gnu/include"
#include "..." search starts here:
#include <...> search starts here:
 /usr/include/c++/11
 /usr/include/x86_64-linux-gnu/c++/11
 /usr/include/c++/11/backward
 /usr/lib/gcc/x86_64-linux-gnu/11/include
 /usr/local/include
 /usr/include/x86_64-linux-gnu
 /usr/include
End of search list.
_test_.o: _test_.c
COMPILER_PATH=/usr/lib/gcc/x86_64-linux-gnu/11/:/usr/lib/gcc/x86_64-linux-gnu/11/:/usr/lib/gcc/x86_64-linux-gnu/:/usr/lib/gcc/x86_64-linux-gnu/11/:/usr/lib/gcc/x86_64-linux-gnu/
LIBRARY_PATH=/usr/lib/gcc/x86_64-linux-gnu/11/:/usr/lib/gcc/x86_64-linux-gnu/11/../../../x86_64-linux-gnu/:/usr/lib/gcc/x86_64-linux-gnu/11/../../../../lib/:/lib/x86_64-linux-gnu/:/lib/../lib/:/usr/lib/x86_64-linux-gnu/:/usr/lib/../lib/:/usr/lib/gcc/x86_64-linux-gnu/11/../../../:/lib/:/usr/lib/
COLLECT_GCC_OPTIONS='-E' '-v' '-MM' '-shared-libgcc' '-mtune=generic' '-march=x86-64'
configure:7405: result: -MM
configure:7413: checking whether C++ accepts -ggdb
configure:7434: g++ -c -ggdb  conftest.cpp >&5
configure:7434: $? = 0
configure:7444: result: yes
configure:7454: checking whether C++ accepts -pipe
configure:7475: g++ -c -pipe  conftest.cpp >&5
configure:7475: $? = 0
configure:7485: result: yes
configure:7499: checking whether C++ accepts -Wno-overloaded-virtual
configure:7520: g++ -c -Wno-overloaded-virtual  conftest.cpp >&5
configure:7520: $? = 0
configure:7530: result: yes
configure:7607: checking size of char
configure:7613: g++ -o conftest -g -O2 -ggdb -pipe   conftest.cpp -lrt  >&5
configure:7613: $? = 0
configure:7613: ./conftest
configure:7613: $? = 0
configure:7628: result: 1
configure:7640: checking size of short
configure:7646: g++ -o conftest -g -O2 -ggdb -pipe   conftest.cpp -lrt  >&5
configure:7646: $? = 0
configure:7646: ./conftest
configure:7646: $? = 0
configure:7661: result: 2
configure:7673: checking size of int
configure:7679: g++ -o conftest -g -O2 -ggdb -pipe   conftest.cpp -lrt  >&5
configure:7679: $? = 0
configure:7679: ./conftest
configure:7679: $? = 0
configure:7694: result: 4
configure:7706: checking size of long
configure:7712: g++ -o conftest -g -O2 -ggdb -pipe   conftest.cpp -lrt  >&5
configure:7712: $? = 0
configure:7712: ./conftest
configure:7712: $? = 0
configure:7727: result: 8
configure:7739: checking size of long long
configure:7745: g++ -o conftest -g -O2 -ggdb -pipe   conftest.cpp -lrt  >&5
configure:7745: $? = 0
configure:7745: ./conftest
configure:7745: $? = 0
configure:7760: result: 8
configure:7820: checking type name for byte
configure:7823: result: char
configure:7825: checking specifier for byte
configure:7828: result: ""
configure:7830: checking type name for word
configure:7833: result: short
configure:7835: checking specifier for word
configure:7838: result: "h"
configure:7840: checking type name for dword
configure:7843: result: int
configure:7845: checking specifier for dword
configure:7848: result: ""
configure:7850: checking type name for qword
configure:7853: result: long
configure:7855: checking specifier for qword
configure:7858: result: "l"
configure:8024: creating ./config.status

## ---------------------- ##
## Running config.status. ##
## ---------------------- ##

This file was extended by config.status, which was
generated by GNU Autoconf 2.71.  Invocation command line was

  CONFIG_FILES    = 
  CONFIG_HEADERS  = 
  CONFIG_LINKS    = 
  CONFIG_COMMANDS = 
  $ ./config.status 

on wasimul-HP

config.status:952: creating Makefile
config.status:952: creating main.mk
config.status:952: creating packages.mk
config.status:952: creating cmd.src/Makefile
config.status:952: creating motorola.src/Makefile
config.status:952: creating sim.src/Makefile
config.status:952: creating sim.src/test/Makefile
config.status:952: creating avr.src/Makefile
config.status:952: creating avr.src/test/Makefile
config.status:952: creating m68hc08.src/Makefile
config.status:952: creating m68hc08.src/test/Makefile
config.status:952: creating m6809.src/Makefile
config.status:952: creating m6809.src/test/Makefile
config.status:952: creating m6800.src/Makefile
config.status:952: creating m6800.src/test/Makefile
config.status:952: creating m68hc11.src/Makefile
config.status:952: creating m68hc11.src/test/Makefile
config.status:952: creating m68hc12.src/Makefile
config.status:952: creating m68hc12.src/test/Makefile
config.status:952: creating mos6502.src/Makefile
config.status:952: creating mos6502.src/test/Makefile
config.status:952: creating rxk.src/Makefile
config.status:952: creating rxk.src/test/Makefile
config.status:952: creating pblaze.src/Makefile
config.status:952: creating pblaze.src/test/Makefile
config.status:952: creating i8085.src/Makefile
config.status:952: creating i8085.src/test/Makefile
config.status:952: creating f8.src/Makefile
config.status:952: creating f8.src/test/Makefile
config.status:952: creating p1516.src/Makefile
config.status:952: creating p1516.src/test/Makefile
config.status:952: creating pdk.src/Makefile
config.status:952: creating pdk.src/test/Makefile
config.status:952: creating s51.src/Makefile
config.status:952: creating s51.src/test/Makefile
config.status:952: creating st7.src/Makefile
config.status:952: creating st7.src/test/Makefile
config.status:952: creating stm8.src/Makefile
config.status:952: creating stm8.src/test/Makefile
config.status:952: creating tlcs.src/Makefile
config.status:952: creating tlcs.src/test/Makefile
config.status:952: creating xa.src/Makefile
config.status:952: creating xa.src/test/Makefile
config.status:952: creating z80.src/Makefile
config.status:952: creating z80.src/test/Makefile
config.status:952: creating gui.src/Makefile
config.status:952: creating gui.src/serio.src/Makefile
config.status:952: creating doc/Makefile
config.status:952: creating ddconfig.h
config.status:1127: ddconfig.h is unchanged

## ---------------- ##
## Cache variables. ##
## ---------------- ##

ac_cv_c_bigendian=no
ac_cv_c_compiler_gnu=yes
ac_cv_cxx_compiler_gnu=yes
ac_cv_env_CCC_set=
ac_cv_env_CCC_value=
ac_cv_env_CC_set=
ac_cv_env_CC_value=
ac_cv_env_CFLAGS_set=
ac_cv_env_CFLAGS_value=
ac_cv_env_CPPFLAGS_set=
ac_cv_env_CPPFLAGS_value=
ac_cv_env_CXXCPP_set=
ac_cv_env_CXXCPP_value=
ac_cv_env_CXXFLAGS_set=
ac_cv_env_CXXFLAGS_value=
ac_cv_env_CXX_set=
ac_cv_env_CXX_value=
ac_cv_env_LDFLAGS_set=
ac_cv_env_LDFLAGS_value=
ac_cv_env_LIBS_set=
ac_cv_env_LIBS_value=
ac_cv_env_YACC_set=
ac_cv_env_YACC_value=
ac_cv_env_YFLAGS_set=
ac_cv_env_YFLAGS_value=
ac_cv_env_build_alias_set=
ac_cv_env_build_alias_value=
ac_cv_env_docdir_set=set
ac_cv_env_docdir_value='${datarootdir}/doc/${PACKAGE}'
ac_cv_env_host_alias_set=
ac_cv_env_host_alias_value=
ac_cv_env_target_alias_set=
ac_cv_env_target_alias_value=
ac_cv_func__exit=yes
ac_cv_func_dup2=yes
ac_cv_func_dup3=yes
ac_cv_func_fork=yes
ac_cv_func_fork_works=yes
ac_cv_func_pipe2=yes
ac_cv_func_pipe=yes
ac_cv_func_vasprintf=yes
ac_cv_func_vfork=yes
ac_cv_func_vfork_works=yes
ac_cv_func_vsnprintf=yes
ac_cv_func_waitpid=yes
ac_cv_func_yylex=no
ac_cv_header_cstdint_h=no
ac_cv_header_curses_h=no
ac_cv_header_dirent_dirent_h=yes
ac_cv_header_dlfcn_h=yes
ac_cv_header_endian_h=yes
ac_cv_header_getopt_h=yes
ac_cv_header_inttypes_h=yes
ac_cv_header_machine_endian_h=no
ac_cv_header_stdint_h=yes
ac_cv_header_stdio_h=yes
ac_cv_header_stdlib_h=yes
ac_cv_header_string_h=yes
ac_cv_header_strings_h=yes
ac_cv_header_sys_endian_h=no
ac_cv_header_sys_isa_defs_h=no
ac_cv_header_sys_socket_h=yes
ac_cv_header_sys_stat_h=yes
ac_cv_header_sys_types_h=yes
ac_cv_header_sys_wait_h=yes
ac_cv_header_termios_h=yes
ac_cv_header_unistd_h=yes
ac_cv_header_vfork_h=no
ac_cv_header_wincon_h=no
ac_cv_lib_dl_dlopen=yes
ac_cv_lib_lex='none needed'
ac_cv_lib_nsl_xdr_short=no
ac_cv_lib_rt_nanosleep=yes
ac_cv_lib_socket_socket=no
ac_cv_objext=o
ac_cv_path_EGREP='/usr/bin/grep -E'
ac_cv_path_GREP=/usr/bin/grep
ac_cv_path_install='/usr/bin/install -c'
ac_cv_prog_AWK=gawk
ac_cv_prog_CXXCPP='g++ -E'
ac_cv_prog_LEX=flex
ac_cv_prog_YACC='bison -y'
ac_cv_prog_ac_ct_AR=ar
ac_cv_prog_ac_ct_CC=gcc
ac_cv_prog_ac_ct_CXX=g++
ac_cv_prog_ac_ct_RANLIB=ranlib
ac_cv_prog_ac_ct_STRIP=strip
ac_cv_prog_cc_c11=
ac_cv_prog_cc_g=yes
ac_cv_prog_cc_stdc=
ac_cv_prog_cxx_11=no
ac_cv_prog_cxx_cxx11=
ac_cv_prog_cxx_g=yes
ac_cv_prog_cxx_stdcxx=
ac_cv_prog_lex_root=lex.yy
ac_cv_prog_lex_yytext_pointer=yes
ac_cv_search_opendir='none required'
ac_cv_sizeof_char=1
ac_cv_sizeof_int=4
ac_cv_sizeof_long=8
ac_cv_sizeof_long_long=8
ac_cv_sizeof_short=2
ac_cv_type_pid_t=yes
sdcc_cv_cxx_Wno_overloaded_virtual=yes
sdcc_cv_cxx_ggdb=yes
sdcc_cv_cxx_pipe=yes
ucsim_cv_MM=-MM
ucsim_cv_fd='<sys/select.h>'
ucsim_cv_header_ok=1
ucsim_cv_socket='<sys/socket.h>'

## ----------------- ##
## Output variables. ##
## ----------------- ##

AR='ar'
AWK='gawk'
CC='gcc'
CFLAGS='-g -O2'
CPPFLAGS=''
CURSES_LIBS=''
CXX='g++'
CXXCPP='g++ -E'
CXXFLAGS='-g -O2 -ggdb -pipe'
DEFS='-DHAVE_CONFIG_H'
DL='-ldl'
ECHO_C=''
ECHO_N='-n'
ECHO_T=''
EGREP='/usr/bin/grep -E'
EXEEXT=''
GREP='/usr/bin/grep'
INSTALL_DATA='${INSTALL} -m 644'
INSTALL_PROGRAM='${INSTALL}'
INSTALL_SCRIPT='${INSTALL}'
LDFLAGS=''
LEX='flex'
LEXLIB=''
LEX_OUTPUT_ROOT='lex.yy'
LIBOBJS=''
LIBS='-lrt '
LIBTOOL_DEPS=''
LTLIBOBJS=''
MAKEDEP='g++ -MM'
OBJEXT='o'
PACKAGE_BUGREPORT=''
PACKAGE_NAME=''
PACKAGE_STRING=''
PACKAGE_TARNAME=''
PACKAGE_URL=''
PACKAGE_VERSION=''
PATH_SEPARATOR=':'
PICOPT=''
RANLIB='ranlib'
SHAREDLIB='no'
SHELL='/bin/bash'
STRIP='strip'
VERSION='0.7.12'
VERSIONHI='0'
VERSIONLO='7'
VERSIONP='12'
WALL_FLAG='-Wall -Wno-overloaded-virtual'
WINSOCK_AVAIL='0'
YACC='bison -y'
YFLAGS=''
ac_ct_CC='gcc'
ac_ct_CXX='g++'
bindir='${exec_prefix}/bin'
build_alias=''
curses_ok='no'
datadir='${datarootdir}'
datarootdir='${prefix}/share'
dl_ok='yes'
dlso_ok='no'
docdir='${datarootdir}/doc/${PACKAGE}'
dvidir='${docdir}'
enable_avr_port='yes'
enable_dlso='no'
enable_ds390_port='yes'
enable_f8_port='yes'
enable_gbz80_port='yes'
enable_i8085_port='yes'
enable_m6800_port='yes'
enable_m6809_port='yes'
enable_m68hc08_port='yes'
enable_m68hc11_port='yes'
enable_m68hc12_port='yes'
enable_mcs51_port='yes'
enable_mos6502_port='yes'
enable_p1516_port='yes'
enable_pblaze_port='yes'
enable_pdk_port='yes'
enable_r2k_port='yes'
enable_r3ka_port='yes'
enable_rxk_port='yes'
enable_s08_port='yes'
enable_serio='yes'
enable_st7_port='yes'
enable_stm8_port='yes'
enable_tlcs_port='yes'
enable_ucsim='no'
enable_xa_port='yes'
enable_z180_port='yes'
enable_z80_port='yes'
exec_prefix='${prefix}'
host_alias=''
htmldir='${docdir}'
includedir='${prefix}/include'
infodir='${datarootdir}/info'
libdir='${exec_prefix}/lib'
libexecdir='${exec_prefix}/libexec'
localedir='${datarootdir}/locale'
localstatedir='${prefix}/var'
mandir='${datarootdir}/man'
oldincludedir='/usr/include'
panel_ok='no'
pdfdir='${docdir}'
prefix='/usr/local'
program_transform_name='s,x,x,'
psdir='${docdir}'
runstatedir='${localstatedir}/run'
sbindir='${exec_prefix}/sbin'
sharedstatedir='${prefix}/com'
sysconfdir='${prefix}/etc'
target_alias=''

## ----------- ##
## confdefs.h. ##
## ----------- ##

/* confdefs.h */
#define PACKAGE_NAME ""
#define PACKAGE_TARNAME ""
#define PACKAGE_VERSION ""
#define PACKAGE_STRING ""
#define PACKAGE_BUGREPORT ""
#define PACKAGE_URL ""
#define VERSIONSTR "0.7.12"
#define VERSIONHI 0
#define VERSIONLO 7
#define VERSIONP 12
#define STATISTIC no
#define YYTEXT_POINTER 1
#define HAVE_FLEX 1
#define HAVE_STDIO_H 1
#define HAVE_STDLIB_H 1
#define HAVE_STRING_H 1
#define HAVE_INTTYPES_H 1
#define HAVE_STDINT_H 1
#define HAVE_STRINGS_H 1
#define HAVE_SYS_STAT_H 1
#define HAVE_SYS_TYPES_H 1
#define HAVE_UNISTD_H 1
#define STDC_HEADERS 1
#define HAVE_ENDIAN_H 1
#define HAVE_GETOPT_H 1
#define HAVE_UNISTD_H 1
#define HAVE_TERMIOS_H 1
#define HAVE_INTTYPES_H 1
#define HAVE_STDINT_H 1
#define HAVE_SYS_WAIT_H 1
#define HAVE_SYS_SOCKET_H 1
#define SOCKET_AVAIL 1
#define UCSOCKET_T int
#define SOCKLEN_T uint
#define HEADER_SOCKET <sys/socket.h>
#define HAVE_DIRENT_H 1
#define FD_NEED_TIME_H 0
#define FD_NEED_TYPES_H 0
#define FD_NEED_SELECT_H 1
#define FD_NEED_WINSOCK2_H 0
#define HEADER_FD <sys/select.h>
#define HAVE_LIBRT 1
#define HAVE_FORK 1
#define HAVE_VFORK 1
#define HAVE_WORKING_VFORK 1
#define HAVE_WORKING_FORK 1
#define HAVE__EXIT 1
#define HAVE_DUP2 1
#define HAVE_DUP3 1
#define HAVE_PIPE 1
#define HAVE_PIPE2 1
#define HAVE_WAITPID 1
#define HAVE_VASPRINTF 1
#define HAVE_VSNPRINTF 1
#define SIZEOF_CHAR 1
#define SIZEOF_SHORT 2
#define SIZEOF_INT 4
#define SIZEOF_LONG 8
#define SIZEOF_LONG_LONG 8
#define TYPE_BYTE char
#define SPEC_BYTE ""
#define TYPE_WORD short
#define SPEC_WORD "h"
#define TYPE_DWORD int
#define SPEC_DWORD ""
#define TYPE_QWORD long
#define SPEC_QWORD "l"
#define _A_ ""
#define _M_ "h"

configure: exit 0
